<?xml version="1.0" encoding="UTF-8"?>
<!-- Generated by org.testng.reporters.JUnitReportReporter -->
<testsuite hostname="Ash" failures="0" tests="1" name="TestScripts.SingleTest" time="20.135" errors="0" timestamp="2022-02-26T14:53:34 IST" skipped="0">
  <testcase classname="TestScripts.SingleTest" name="test2" time="20.135"/>
  <system-out/>
</testsuite> <!-- TestScripts.SingleTest -->
