<?xml version="1.0" encoding="UTF-8"?>
<!-- Generated by org.testng.reporters.JUnitReportReporter -->
<testsuite hostname="Ash" failures="0" tests="1" name="TestScripts.LoginTest" time="0.007" errors="0" timestamp="2022-02-24T17:41:26 IST" skipped="0">
  <testcase classname="TestScripts.LoginTest" name="logintest" time="0.007"/>
  <system-out/>
</testsuite> <!-- TestScripts.LoginTest -->
