<?xml version="1.0" encoding="UTF-8"?>
<!-- Generated by org.testng.reporters.JUnitReportReporter -->
<testsuite hostname="Ash" failures="0" tests="1" name="TestScripts.FirefoxTest" time="0.328" errors="0" timestamp="2022-02-26T16:23:17 IST" skipped="0">
  <testcase classname="TestScripts.FirefoxTest" name="test" time="0.328"/>
  <system-out/>
</testsuite> <!-- TestScripts.FirefoxTest -->
